<?xml version="1.0" encoding="UTF-8"?>
<!-- Generated by org.testng.reporters.JUnitReportReporter -->
<testsuite hostname="DESKTOP-N1OC483" name="runner_cukes.TestRunner" tests="1" failures="0" timestamp="18 Jul 2019 23:01:08 GMT" time="134.405" errors="0">
  <testcase name="run_cukes" time="134.405" classname="runner_cukes.TestRunner"/>
</testsuite> <!-- runner_cukes.TestRunner -->
