<?xml version="1.0" encoding="UTF-8"?>
<!-- Generated by org.testng.reporters.JUnitReportReporter -->
<testsuite hostname="DESKTOP-N1OC483" name="runner_cukes.TestRunner" tests="1" failures="0" timestamp="12 Oct 2018 03:19:17 GMT" time="33.842" errors="0">
  <testcase name="run_cukes" time="33.842" classname="runner_cukes.TestRunner"/>
</testsuite> <!-- runner_cukes.TestRunner -->
