<?xml version="1.0" encoding="UTF-8"?>
<!-- Generated by org.testng.reporters.JUnitReportReporter -->
<testsuite hostname="DESKTOP-N1OC483" name="regression2.RegressionClass2" tests="1" failures="0" timestamp="2 Oct 2018 02:37:31 GMT" time="5.485" errors="0">
  <testcase name="facebooklogin" time="5.485" classname="regression2.RegressionClass2"/>
</testsuite> <!-- regression2.RegressionClass2 -->
