<?xml version="1.0" encoding="UTF-8"?>
<!-- Generated by org.testng.reporters.JUnitReportReporter -->
<testsuite hostname="DESKTOP-N1OC483" name="regression2.RegressionClass2" tests="1" failures="0" timestamp="18 Jul 2019 23:01:08 GMT" time="6.983" errors="0">
  <testcase name="facebooklogin" time="6.983" classname="regression2.RegressionClass2"/>
</testsuite> <!-- regression2.RegressionClass2 -->
